============================= test session starts =============================
platform win32 -- Python 3.14.5, pytest-9.1.1, pluggy-1.6.0
rootdir: C:\Users\alibe\my_bank_project
configfile: pyproject.toml
plugins: anyio-4.13.0, cov-7.1.0
collected 22 items

tests\test_decorators.py .......                                         [ 31%]
tests\test_generators.py ...............                                 [100%]

=============================== tests coverage ================================
_______________ coverage: platform win32, python 3.14.5-final-0 _______________

Name                Stmts   Miss  Cover
---------------------------------------
src\__init__.py         0      0   100%
src\decorators.py      25      0   100%
src\generators.py      13      0   100%
src\masks.py            8      8     0%
src\widget.py          20     20     0%
---------------------------------------
TOTAL                  66     28    58%
============================= 22 passed in 1.03s ==============================
